{
  "RSpec": {
    "coverage": {
      "/Users/dawidcwiek/Desktop/BA/project/pik/app/models/user.rb": [
        null,
        null,
        1,
        null,
        null,
        1,
        null,
        null,
        1,
        1,
        null,
        1,
        null,
        null
      ],
      "/Users/dawidcwiek/Desktop/BA/project/pik/app/models/application_record.rb": [
        null,
        null,
        1,
        1,
        null
      ],
      "/Users/dawidcwiek/Desktop/BA/project/pik/app/helpers/application_helper.rb": [
        null,
        null,
        1,
        null
      ],
      "/Users/dawidcwiek/Desktop/BA/project/pik/app/controllers/project_controller.rb": [
        null,
        null,
        1,
        1,
        null,
        1,
        2,
        null,
        null,
        1,
        null,
        1,
        4,
        null,
        4,
        4,
        4,
        null,
        4,
        null,
        null,
        null,
        null,
        1,
        4,
        4,
        4,
        null,
        4,
        null,
        null,
        null,
        null,
        1,
        1,
        1,
        2,
        null,
        null,
        null,
        1,
        null,
        null,
        1,
        8,
        null,
        null,
        null,
        1,
        8,
        null,
        null
      ],
      "/Users/dawidcwiek/Desktop/BA/project/pik/app/controllers/application_controller.rb": [
        null,
        null,
        1,
        1,
        null,
        1,
        null,
        1,
        0,
        null,
        null
      ],
      "/Users/dawidcwiek/Desktop/BA/project/pik/app/models/project.rb": [
        null,
        null,
        1,
        1,
        1,
        null,
        1,
        1,
        1,
        null
      ],
      "/Users/dawidcwiek/Desktop/BA/project/pik/app/models/task.rb": [
        null,
        null,
        1,
        1,
        1,
        null,
        1,
        1,
        1,
        null
      ],
      "/Users/dawidcwiek/Desktop/BA/project/pik/app/controllers/task_controller.rb": [
        null,
        null,
        1,
        1,
        null,
        1,
        0,
        null,
        null,
        1,
        null,
        1,
        0,
        null,
        null,
        1,
        null,
        1,
        0,
        0,
        0,
        0,
        0,
        null,
        0,
        0,
        null,
        null,
        null,
        null,
        1,
        0,
        0,
        0,
        0,
        null,
        0,
        0,
        null,
        null,
        null,
        null,
        1,
        null,
        1,
        0,
        null,
        null,
        1,
        0,
        null,
        null,
        null
      ],
      "/Users/dawidcwiek/Desktop/BA/project/pik/app/mailers/application_mailer.rb": [
        null,
        null,
        0,
        0,
        0,
        0
      ],
      "/Users/dawidcwiek/Desktop/BA/project/pik/app/jobs/application_job.rb": [
        null,
        null,
        0,
        0
      ],
      "/Users/dawidcwiek/Desktop/BA/project/pik/app/controllers/manage_io_controller.rb": [
        null,
        null,
        0,
        0,
        0,
        0,
        0,
        0
      ],
      "/Users/dawidcwiek/Desktop/BA/project/pik/app/channels/application_cable/connection.rb": [
        null,
        null,
        0,
        0,
        0,
        0
      ],
      "/Users/dawidcwiek/Desktop/BA/project/pik/app/channels/application_cable/channel.rb": [
        null,
        null,
        0,
        0,
        0,
        0
      ]
    },
    "timestamp": 1563263063
  }
}
